[debug] [2021-12-12T07:10:02.087Z] ----------------------------------------------------------------------
[debug] [2021-12-12T07:10:02.091Z] Command:       /home/shakil/.nvm/versions/node/v14.17.6/bin/node /home/shakil/.nvm/versions/node/v14.17.6/bin/firebase init
[debug] [2021-12-12T07:10:02.092Z] CLI Version:   9.23.1
[debug] [2021-12-12T07:10:02.092Z] Platform:      linux
[debug] [2021-12-12T07:10:02.092Z] Node Version:  v14.17.6
[debug] [2021-12-12T07:10:02.093Z] Time:          Sun Dec 12 2021 13:10:02 GMT+0600 (Bangladesh Standard Time)
[debug] [2021-12-12T07:10:02.094Z] ----------------------------------------------------------------------
[debug] 
[debug] [2021-12-12T07:10:02.113Z] > command requires scopes: ["email","openid","https://www.googleapis.com/auth/cloudplatformprojects.readonly","https://www.googleapis.com/auth/firebase","https://www.googleapis.com/auth/cloud-platform"]
[debug] [2021-12-12T07:10:02.113Z] > authorizing via signed-in user (sheikhshakil.service@gmail.com)
[info] 
     ######## #### ########  ######## ########     ###     ######  ########
     ##        ##  ##     ## ##       ##     ##  ##   ##  ##       ##
     ######    ##  ########  ######   ########  #########  ######  ######
     ##        ##  ##    ##  ##       ##     ## ##     ##       ## ##
     ##       #### ##     ## ######## ########  ##     ##  ######  ########

You're about to initialize a Firebase project in this directory:

  /mnt/e/STARTUP/pointer/pointer-client

Before we get started, keep in mind:

  * You are currently outside your home directory

[info] 
=== Project Setup
[info] 
[info] First, let's associate this project directory with a Firebase project.
[info] You can create multiple project aliases by running firebase use --add, 
[info] but for now we'll just set up a default project.
[info] 
[debug] [2021-12-12T07:10:17.323Z] >>> [apiv2][query] GET https://firebase.googleapis.com/v1beta1/projects pageSize=100
[debug] [2021-12-12T07:10:18.439Z] <<< [apiv2][status] GET https://firebase.googleapis.com/v1beta1/projects 200
[debug] [2021-12-12T07:10:18.439Z] <<< [apiv2][body] GET https://firebase.googleapis.com/v1beta1/projects [omitted]
[info] i  Using project pointer-tc (pointer) 
[info] 
=== Hosting Setup
[info] 
[info] Your public directory is the folder (relative to your project directory) that
[info] will contain Hosting assets to be uploaded with firebase deploy. If you
[info] have a build process for your assets, use your build's output directory.
[info] 
[debug] [2021-12-12T07:10:50.668Z] >>> [apiv2][query] GET https://www.gstatic.com/firebasejs/releases.json [none]
[debug] [2021-12-12T07:10:51.089Z] <<< [apiv2][status] GET https://www.gstatic.com/firebasejs/releases.json 200
[debug] [2021-12-12T07:10:51.090Z] <<< [apiv2][body] GET https://www.gstatic.com/firebasejs/releases.json {"current":{"version":"9.6.1","browserURL":"https://www.gstatic.com/firebasejs/9.6.1/firebase.js","packageURL":"https://www.gstatic.com/firebasejs/9.6.1/firebase.tgz"},"live":{"version":"9.6","browserURL":"https://www.gstatic.com/firebasejs/live/9.6/firebase.js","packageURL":"https://www.gstatic.com/firebasejs/live/9.6/firebase.tgz"},"components":{"analytics":"https://www.gstatic.com/firebasejs/9.6.1/firebase-analytics.js","app":"https://www.gstatic.com/firebasejs/9.6.1/firebase-app.js","app-check":"https://www.gstatic.com/firebasejs/9.6.1/firebase-app-check.js","auth":"https://www.gstatic.com/firebasejs/9.6.1/firebase-auth.js","auth/cordova":"https://www.gstatic.com/firebasejs/9.6.1/firebase-auth/cordova.js","auth/react-native":"https://www.gstatic.com/firebasejs/9.6.1/firebase-auth/react-native.js","functions":"https://www.gstatic.com/firebasejs/9.6.1/firebase-functions.js","firestore":"https://www.gstatic.com/firebasejs/9.6.1/firebase-firestore.js","firestore/lite":"https://www.gstatic.com/firebasejs/9.6.1/firebase-firestore/lite.js","storage":"https://www.gstatic.com/firebasejs/9.6.1/firebase-storage.js","performance":"https://www.gstatic.com/firebasejs/9.6.1/firebase-performance.js","remote-config":"https://www.gstatic.com/firebasejs/9.6.1/firebase-remote-config.js","messaging":"https://www.gstatic.com/firebasejs/9.6.1/firebase-messaging.js","messaging/sw":"https://www.gstatic.com/firebasejs/9.6.1/firebase-messaging/sw.js","database":"https://www.gstatic.com/firebasejs/9.6.1/firebase-database.js","firestore.memory":"https://www.gstatic.com/firebasejs/9.6.1/firebase-firestore.memory.js"}}
[info] ✔  Wrote build/index.html 
[info] 
[info] i  Didn't detect a .git folder. Assuming /mnt/e/STARTUP/pointer/pointer-client is the project root. 
[info] i  Authorizing with GitHub to upload your service account to a GitHub repository's secrets store. 
[info] 
[info] Visit this URL on this device to log in:
[info] https://github.com/login/oauth/authorize?client_id=89cf50f02ac6aaed3484&state=787642888&redirect_uri=http%3A%2F%2Flocalhost%3A9005&scope=read%3Auser%20repo%20public_repo
[info] 
[info] Waiting for authentication...
[debug] [2021-12-12T07:10:59.021Z] >>> HTTP REQUEST POST https://github.com/login/oauth/access_token  
 {"client_id":"89cf50f02ac6aaed3484","client_secret":"3330d14abc895d9a74d5f17cd7a00711fa2c5bf0","code":"17cced07c4f46b0587df","redirect_uri":"http://localhost:9005","state":"787642888"}
[debug] [2021-12-12T07:10:59.592Z] <<< HTTP RESPONSE 200 {"server":"GitHub.com","date":"Sun, 12 Dec 2021 07:11:01 GMT","content-type":"application/json; charset=utf-8","transfer-encoding":"chunked","vary":"X-PJAX, X-PJAX-Container, Accept-Encoding, Accept, X-Requested-With","permissions-policy":"interest-cohort=()","etag":"W/\"486b5d58adeccc007474c418cb60b93b\"","cache-control":"max-age=0, private, must-revalidate","strict-transport-security":"max-age=31536000; includeSubdomains; preload","x-frame-options":"deny","x-content-type-options":"nosniff","x-xss-protection":"0","referrer-policy":"origin-when-cross-origin, strict-origin-when-cross-origin","expect-ct":"max-age=2592000, report-uri=\"https://api.github.com/_private/browser/errors\"","content-security-policy":"default-src 'none'; base-uri 'self'; block-all-mixed-content; child-src github.com/assets-cdn/worker/ gist.github.com/assets-cdn/worker/; connect-src 'self' uploads.github.com objects-origin.githubusercontent.com www.githubstatus.com collector.githubapp.com api.github.com github-cloud.s3.amazonaws.com github-production-repository-file-5c1aeb.s3.amazonaws.com github-production-upload-manifest-file-7fdce7.s3.amazonaws.com github-production-user-asset-6210df.s3.amazonaws.com cdn.optimizely.com logx.optimizely.com/v1/events translator.github.com wss://alive.github.com; font-src github.githubassets.com; form-action 'self' github.com gist.github.com objects-origin.githubusercontent.com; frame-ancestors 'none'; frame-src render.githubusercontent.com viewscreen.githubusercontent.com notebooks.githubusercontent.com; img-src 'self' data: github.githubassets.com identicons.github.com collector.githubapp.com github-cloud.s3.amazonaws.com secured-user-images.githubusercontent.com/ *.githubusercontent.com; manifest-src 'self'; media-src github.com user-images.githubusercontent.com/; script-src github.githubassets.com; style-src 'unsafe-inline' github.githubassets.com; worker-src github.com/assets-cdn/worker/ gist.github.com/assets-cdn/worker/","x-github-request-id":"51B7:6A32:10FF8C6:155179C:61B5A085"}
[debug] [2021-12-12T07:10:59.614Z] >>> [apiv2][query] GET https://api.github.com/user [none]
[debug] [2021-12-12T07:11:00.330Z] <<< [apiv2][status] GET https://api.github.com/user 200
[debug] [2021-12-12T07:11:00.330Z] <<< [apiv2][body] GET https://api.github.com/user {"login":"sheikhshakil","id":55845968,"node_id":"MDQ6VXNlcjU1ODQ1OTY4","avatar_url":"https://avatars.githubusercontent.com/u/55845968?v=4","gravatar_id":"","url":"https://api.github.com/users/sheikhshakil","html_url":"https://github.com/sheikhshakil","followers_url":"https://api.github.com/users/sheikhshakil/followers","following_url":"https://api.github.com/users/sheikhshakil/following{/other_user}","gists_url":"https://api.github.com/users/sheikhshakil/gists{/gist_id}","starred_url":"https://api.github.com/users/sheikhshakil/starred{/owner}{/repo}","subscriptions_url":"https://api.github.com/users/sheikhshakil/subscriptions","organizations_url":"https://api.github.com/users/sheikhshakil/orgs","repos_url":"https://api.github.com/users/sheikhshakil/repos","events_url":"https://api.github.com/users/sheikhshakil/events{/privacy}","received_events_url":"https://api.github.com/users/sheikhshakil/received_events","type":"User","site_admin":false,"name":"Sheikh Shakil Ahmed","company":null,"blog":"https://portfolioshakil.herokuapp.com","location":"Bangladesh","email":null,"hireable":true,"bio":"I am a computer addicted person with passion to make great software and websites.","twitter_username":null,"public_repos":8,"public_gists":0,"followers":0,"following":0,"created_at":"2019-09-26T15:09:35Z","updated_at":"2021-12-12T06:47:35Z","private_gists":0,"total_private_repos":6,"owned_private_repos":6,"disk_usage":10057,"collaborators":0,"two_factor_authentication":false,"plan":{"name":"free","space":976562499,"collaborators":0,"private_repos":10000}}
[info] 
[info] ✔  Success! Logged into GitHub as sheikhshakil 
[info] 
